Using pre-set license
Built from '2022.3/release' branch; Version is '2022.3.12f1 (4fe6e059c7ef) revision 5236448'; Using compiler version '192829333'; Build Type 'Release'
OS: 'Windows 11  (10.0.22621) 64bit Core' Language: 'en' Physical Memory: 15693 MB
BatchMode: 1, IsHumanControllingUs: 0, StartBugReporterOnCrash: 0, Is64bit: 1, IsPro: 1

COMMAND LINE ARGUMENTS:
C:\Program Files\Unity\Hub\Editor\2022.3.12f1\Editor\Unity.exe
-adb2
-batchMode
-noUpm
-name
AssetImportWorker2
-projectPath
C:/Users/tayla/Desktop/GAME-JAM/First Gamejam
-logFile
Logs/AssetImportWorker2.log
-srvPort
55839
Successfully changed project path to: C:/Users/tayla/Desktop/GAME-JAM/First Gamejam
C:/Users/tayla/Desktop/GAME-JAM/First Gamejam
[UnityMemory] Configuration Parameters - Can be set up in boot.config
    "memorysetup-bucket-allocator-granularity=16"
    "memorysetup-bucket-allocator-bucket-count=8"
    "memorysetup-bucket-allocator-block-size=33554432"
    "memorysetup-bucket-allocator-block-count=8"
    "memorysetup-main-allocator-block-size=16777216"
    "memorysetup-thread-allocator-block-size=16777216"
    "memorysetup-gfx-main-allocator-block-size=16777216"
    "memorysetup-gfx-thread-allocator-block-size=16777216"
    "memorysetup-cache-allocator-block-size=4194304"
    "memorysetup-typetree-allocator-block-size=2097152"
    "memorysetup-profiler-bucket-allocator-granularity=16"
    "memorysetup-profiler-bucket-allocator-bucket-count=8"
    "memorysetup-profiler-bucket-allocator-block-size=33554432"
    "memorysetup-profiler-bucket-allocator-block-count=8"
    "memorysetup-profiler-allocator-block-size=16777216"
    "memorysetup-profiler-editor-allocator-block-size=1048576"
    "memorysetup-temp-allocator-size-main=16777216"
    "memorysetup-job-temp-allocator-block-size=2097152"
    "memorysetup-job-temp-allocator-block-size-background=1048576"
    "memorysetup-job-temp-allocator-reduction-small-platforms=262144"
    "memorysetup-allocator-temp-initial-block-size-main=262144"
    "memorysetup-allocator-temp-initial-block-size-worker=262144"
    "memorysetup-temp-allocator-size-background-worker=32768"
    "memorysetup-temp-allocator-size-job-worker=262144"
    "memorysetup-temp-allocator-size-preload-manager=33554432"
    "memorysetup-temp-allocator-size-nav-mesh-worker=65536"
    "memorysetup-temp-allocator-size-audio-worker=65536"
    "memorysetup-temp-allocator-size-cloud-worker=32768"
    "memorysetup-temp-allocator-size-gi-baking-worker=262144"
    "memorysetup-temp-allocator-size-gfx=262144"
Player connection [29544] Host "[IP] 172.22.48.14 [Port] 0 [Flags] 2 [Guid] 1659570161 [EditorId] 1659570161 [Version] 1048832 [Id] WindowsEditor(7,LAPTOP-RIKMDO9P) [Debug] 1 [PackageName] WindowsEditor [ProjectName] Editor" joined multi-casting on [225.0.0.222:54997]...

Player connection [29544] Host "[IP] 172.22.48.14 [Port] 0 [Flags] 2 [Guid] 1659570161 [EditorId] 1659570161 [Version] 1048832 [Id] WindowsEditor(7,LAPTOP-RIKMDO9P) [Debug] 1 [PackageName] WindowsEditor [ProjectName] Editor" joined alternative multi-casting on [225.0.0.222:34997]...

[Physics::Module] Initialized MultithreadedJobDispatcher with 15 workers.
Refreshing native plugins compatible for Editor in 18.40 ms, found 3 plugins.
Preloading 0 native plugins for Editor in 0.00 ms.
Initialize engine version: 2022.3.12f1 (4fe6e059c7ef)
[Subsystems] Discovering subsystems at path C:/Program Files/Unity/Hub/Editor/2022.3.12f1/Editor/Data/Resources/UnitySubsystems
[Subsystems] Discovering subsystems at path C:/Users/tayla/Desktop/GAME-JAM/First Gamejam/Assets
GfxDevice: creating device client; threaded=0; jobified=0
Direct3D:
    Version:  Direct3D 11.0 [level 11.1]
    Renderer: AMD Radeon(TM) Graphics (ID=0x164c)
    Vendor:   ATI
    VRAM:     7846 MB
    Driver:   31.0.12044.3
Assertion failed on expression: 'serializedObjects.size() == 1'
Initialize mono
Mono path[0] = 'C:/Program Files/Unity/Hub/Editor/2022.3.12f1/Editor/Data/Managed'
Mono path[1] = 'C:/Program Files/Unity/Hub/Editor/2022.3.12f1/Editor/Data/MonoBleedingEdge/lib/mono/unityjit-win32'
Mono config path = 'C:/Program Files/Unity/Hub/Editor/2022.3.12f1/Editor/Data/MonoBleedingEdge/etc'
Using monoOptions --debugger-agent=transport=dt_socket,embedding=1,server=y,suspend=n,address=127.0.0.1:56216
Begin MonoManager ReloadAssembly
Registering precompiled unity dll's ...
Register platform support module: C:/Program Files/Unity/Hub/Editor/2022.3.12f1/Editor/Data/PlaybackEngines/WebGLSupport/UnityEditor.WebGL.Extensions.dll
Register platform support module: C:/Program Files/Unity/Hub/Editor/2022.3.12f1/Editor/Data/PlaybackEngines/WindowsStandaloneSupport/UnityEditor.WindowsStandalone.Extensions.dll
Registered in 0.012467 seconds.
- Loaded All Assemblies, in  0.594 seconds
Native extension for WindowsStandalone target not found
Native extension for WebGL target not found
Mono: successfully reloaded assembly
- Finished resetting the current domain, in  0.304 seconds
Domain Reload Profiling: 897ms
	BeginReloadAssembly (167ms)
		ExecutionOrderSort (0ms)
		DisableScriptedObjects (0ms)
		BackupInstance (0ms)
		ReleaseScriptingObjects (0ms)
		CreateAndSetChildDomain (1ms)
	RebuildCommonClasses (69ms)
	RebuildNativeTypeToScriptingClass (15ms)
	initialDomainReloadingComplete (86ms)
	LoadAllAssembliesAndSetupDomain (255ms)
		LoadAssemblies (167ms)
		RebuildTransferFunctionScriptingTraits (0ms)
		AnalyzeDomain (251ms)
			TypeCache.Refresh (249ms)
				TypeCache.ScanAssembly (224ms)
			ScanForSourceGeneratedMonoScriptInfo (0ms)
			ResolveRequiredComponents (1ms)
	FinalizeReload (305ms)
		ReleaseScriptCaches (0ms)
		RebuildScriptCaches (0ms)
		SetupLoadedEditorAssemblies (232ms)
			LogAssemblyErrors (0ms)
			InitializePlatformSupportModulesInManaged (11ms)
			SetLoadedEditorAssemblies (7ms)
			RefreshPlugins (0ms)
			BeforeProcessingInitializeOnLoad (2ms)
			ProcessInitializeOnLoadAttributes (137ms)
			ProcessInitializeOnLoadMethodAttributes (75ms)
			AfterProcessingInitializeOnLoad (0ms)
			EditorAssembliesLoaded (0ms)
		ExecutionOrderSort2 (0ms)
		AwakeInstancesAfterBackupRestoration (0ms)
========================================================================
Worker process is ready to serve import requests
Begin MonoManager ReloadAssembly
- Loaded All Assemblies, in  0.794 seconds
Refreshing native plugins compatible for Editor in 3.61 ms, found 3 plugins.
Native extension for WindowsStandalone target not found
Native extension for WebGL target not found
Package Manager log level set to [2]
[Package Manager] Server::EnsureServerProcessIsRunning -- launch failed, reason: Unity was launched with the -noUpm command-line argument
[Package Manager] UpmClient::Send -- Unable to send message (not connected to UPM process).
[Package Manager] Cannot connect to Unity Package Manager local server
Mono: successfully reloaded assembly
- Finished resetting the current domain, in  0.598 seconds
Domain Reload Profiling: 1389ms
	BeginReloadAssembly (189ms)
		ExecutionOrderSort (0ms)
		DisableScriptedObjects (6ms)
		BackupInstance (0ms)
		ReleaseScriptingObjects (0ms)
		CreateAndSetChildDomain (29ms)
	RebuildCommonClasses (37ms)
	RebuildNativeTypeToScriptingClass (11ms)
	initialDomainReloadingComplete (57ms)
	LoadAllAssembliesAndSetupDomain (497ms)
		LoadAssemblies (406ms)
		RebuildTransferFunctionScriptingTraits (0ms)
		AnalyzeDomain (200ms)
			TypeCache.Refresh (176ms)
				TypeCache.ScanAssembly (158ms)
			ScanForSourceGeneratedMonoScriptInfo (19ms)
			ResolveRequiredComponents (5ms)
	FinalizeReload (599ms)
		ReleaseScriptCaches (0ms)
		RebuildScriptCaches (0ms)
		SetupLoadedEditorAssemblies (430ms)
			LogAssemblyErrors (0ms)
			InitializePlatformSupportModulesInManaged (10ms)
			SetLoadedEditorAssemblies (3ms)
			RefreshPlugins (0ms)
			BeforeProcessingInitializeOnLoad (61ms)
			ProcessInitializeOnLoadAttributes (321ms)
			ProcessInitializeOnLoadMethodAttributes (25ms)
			AfterProcessingInitializeOnLoad (9ms)
			EditorAssembliesLoaded (0ms)
		ExecutionOrderSort2 (0ms)
		AwakeInstancesAfterBackupRestoration (6ms)
Launched and connected shader compiler UnityShaderCompiler.exe after 0.08 seconds
Refreshing native plugins compatible for Editor in 4.07 ms, found 3 plugins.
Preloading 0 native plugins for Editor in 0.00 ms.
Unloading 3083 Unused Serialized files (Serialized files now loaded: 0)
Unloading 33 unused Assets / (57.1 KB). Loaded Objects now: 3559.
Memory consumption went from 130.4 MB to 130.4 MB.
Total: 4.324000 ms (FindLiveObjects: 0.402100 ms CreateObjectMapping: 0.187300 ms MarkObjects: 3.523100 ms  DeleteObjects: 0.209600 ms)

AssetImportParameters requested are different than current active one (requested -> active):
  custom:container-demuxer-ogg: 62fdf1f143b41e24485cea50d1cbac27 -> 
  custom:video-codec-MediaFoundation-h265: 746d11721c4dcdbdad8f713fa42b33f4 -> 
  custom:video-decoder-ogg-theora: a1e56fd34408186e4bbccfd4996cb3dc -> 
  custom:framework-win-MediaFoundation: 216162199b28c13a410421893ffa2e32 -> 
  custom:CustomObjectIndexerAttribute: 756ad292c208cfabdd7b50bc23989ffe -> 
  custom:container-demuxer-webm: 4f35f7cbe854078d1ac9338744f61a02 -> 
  custom:container-muxer-webm: aa71ff27fc2769a1b78a27578f13a17b -> 
  custom:video-decoder-webm-vp8: 9c59270c3fd7afecdb556c50c9e8de78 -> 
  custom:SearchIndexIgnoredProperties: e643bd26f0fe6173181afceb89e7c659 -> 
  custom:AudioImporter_EditorPlatform: d09bf68614088b80899f8185d706f6e7 -> 
  custom:video-encoder-webm-vp8: eb34c28f22e8b96e1ab97ce403110664 -> 
  custom:audio-decoder-ogg-vorbis: bf7c407c2cedff20999df2af8eb42d56 -> 
  custom:audio-encoder-webm-vorbis: bf7c407c2cedff20999df2af8eb42d56 -> 
========================================================================
Received Import Request.
  Time since last request: 96050.027853 seconds.
  path: Assets/StudioBillion/House Interior/Models
  artifactKey: Guid(0c119f26db6336c459c783a22356f989) Importer(815301076,1909f56bfc062723c751e8b465ee728b)
Start importing Assets/StudioBillion/House Interior/Models using Guid(0c119f26db6336c459c783a22356f989) Importer(815301076,1909f56bfc062723c751e8b465ee728b)  -> (artifact id: 'eefbbb1a89eaed22b0f663adefc5d429') in 0.003075 seconds
Number of updated asset objects reloaded before import = 0
Number of asset objects unloaded after import = 0
========================================================================
Received Import Request.
  Time since last request: 0.053388 seconds.
  path: Assets/StudioBillion/House Interior/Models/House.fbx
  artifactKey: Guid(02ad78cca7f19f843b49a2e580791919) Importer(815301076,1909f56bfc062723c751e8b465ee728b)
Start importing Assets/StudioBillion/House Interior/Models/House.fbx using Guid(02ad78cca7f19f843b49a2e580791919) Importer(815301076,1909f56bfc062723c751e8b465ee728b)  -> (artifact id: '87dad5ae3438abc93f04b97fd6280e6b') in 1.244420 seconds
Number of updated asset objects reloaded before import = 0
Number of asset objects unloaded after import = 646
========================================================================
Received Import Request.
  Time since last request: 5.674701 seconds.
  path: Assets/StudioBillion/House Interior/Materials
  artifactKey: Guid(02554b787a77df44ea1075803fddd694) Importer(815301076,1909f56bfc062723c751e8b465ee728b)
Start importing Assets/StudioBillion/House Interior/Materials using Guid(02554b787a77df44ea1075803fddd694) Importer(815301076,1909f56bfc062723c751e8b465ee728b)  -> (artifact id: 'c5b01858723d96e3c340b5fe8da6cc26') in 0.001319 seconds
Number of updated asset objects reloaded before import = 0
Number of asset objects unloaded after import = 0
========================================================================
Received Import Request.
  Time since last request: 0.059002 seconds.
  path: Assets/StudioBillion/House Interior/Materials/background.mat
  artifactKey: Guid(091eed93c1fdca345a07d39d15d6eed6) Importer(815301076,1909f56bfc062723c751e8b465ee728b)
Start importing Assets/StudioBillion/House Interior/Materials/background.mat using Guid(091eed93c1fdca345a07d39d15d6eed6) Importer(815301076,1909f56bfc062723c751e8b465ee728b)  -> (artifact id: '149819f3c0cfb4c6a1b072c0f01630fb') in 0.057164 seconds
Number of updated asset objects reloaded before import = 0
Number of asset objects unloaded after import = 1
========================================================================
Received Import Request.
  Time since last request: 0.000041 seconds.
  path: Assets/StudioBillion/House Interior/Materials/BRW.011.mat
  artifactKey: Guid(d66db5525bbe1fa46b5f18fc5a3b48b8) Importer(815301076,1909f56bfc062723c751e8b465ee728b)
Start importing Assets/StudioBillion/House Interior/Materials/BRW.011.mat using Guid(d66db5525bbe1fa46b5f18fc5a3b48b8) Importer(815301076,1909f56bfc062723c751e8b465ee728b)  -> (artifact id: '48d3b5b2463ec80795895d37d38b882f') in 0.020866 seconds
Number of updated asset objects reloaded before import = 0
Number of asset objects unloaded after import = 1
========================================================================
Received Import Request.
  Time since last request: 0.000070 seconds.
  path: Assets/StudioBillion/House Interior/Materials/box_brown.mat
  artifactKey: Guid(0d10351ce92097a4db61d2db7afab59d) Importer(815301076,1909f56bfc062723c751e8b465ee728b)
Start importing Assets/StudioBillion/House Interior/Materials/box_brown.mat using Guid(0d10351ce92097a4db61d2db7afab59d) Importer(815301076,1909f56bfc062723c751e8b465ee728b)  -> (artifact id: 'd30baecf74ccf882eacd094a358f5082') in 0.020417 seconds
Number of updated asset objects reloaded before import = 0
Number of asset objects unloaded after import = 1
========================================================================
Received Import Request.
  Time since last request: 0.000075 seconds.
  path: Assets/StudioBillion/House Interior/Materials/drum1_yellow.mat
  artifactKey: Guid(0efac0842e1d2564bb25a00a5bc9845f) Importer(815301076,1909f56bfc062723c751e8b465ee728b)
Start importing Assets/StudioBillion/House Interior/Materials/drum1_yellow.mat using Guid(0efac0842e1d2564bb25a00a5bc9845f) Importer(815301076,1909f56bfc062723c751e8b465ee728b)  -> (artifact id: '7770353f34a19709d5b1753b4df9727f') in 0.023288 seconds
Number of updated asset objects reloaded before import = 0
Number of asset objects unloaded after import = 1
========================================================================
Received Import Request.
  Time since last request: 0.000073 seconds.
  path: Assets/StudioBillion/House Interior/Materials/GRN.1.mat
  artifactKey: Guid(04fbe7f51862d4f4cb50dc4e04be8f64) Importer(815301076,1909f56bfc062723c751e8b465ee728b)
Start importing Assets/StudioBillion/House Interior/Materials/GRN.1.mat using Guid(04fbe7f51862d4f4cb50dc4e04be8f64) Importer(815301076,1909f56bfc062723c751e8b465ee728b)  -> (artifact id: 'b99ecc868ee36e7cf6d6db18bd68fd2c') in 0.022881 seconds
Number of updated asset objects reloaded before import = 0
Number of asset objects unloaded after import = 1
========================================================================
Received Import Request.
  Time since last request: 0.000029 seconds.
  path: Assets/StudioBillion/House Interior/Materials/drum_stool_gray.mat
  artifactKey: Guid(b1f6e8319ff09e249a04678e099a3bea) Importer(815301076,1909f56bfc062723c751e8b465ee728b)
Start importing Assets/StudioBillion/House Interior/Materials/drum_stool_gray.mat using Guid(b1f6e8319ff09e249a04678e099a3bea) Importer(815301076,1909f56bfc062723c751e8b465ee728b)  -> (artifact id: '04b5dd64f8b7160b729d196e0d49b21d') in 0.020452 seconds
Number of updated asset objects reloaded before import = 0
Number of asset objects unloaded after import = 1
========================================================================
Received Import Request.
  Time since last request: 0.000026 seconds.
  path: Assets/StudioBillion/House Interior/Materials/drum1_purple1.mat
  artifactKey: Guid(5a3c64457b14f27438b4f95e1796487e) Importer(815301076,1909f56bfc062723c751e8b465ee728b)
Start importing Assets/StudioBillion/House Interior/Materials/drum1_purple1.mat using Guid(5a3c64457b14f27438b4f95e1796487e) Importer(815301076,1909f56bfc062723c751e8b465ee728b)  -> (artifact id: 'f22684a3f3f9f073d980cec7dd3f252d') in 0.025816 seconds
Number of updated asset objects reloaded before import = 0
Number of asset objects unloaded after import = 1
========================================================================
Received Import Request.
  Time since last request: 0.000029 seconds.
  path: Assets/StudioBillion/House Interior/Materials/BRW.014.mat
  artifactKey: Guid(f917140c52500fe418abb70f9dc1f987) Importer(815301076,1909f56bfc062723c751e8b465ee728b)
Start importing Assets/StudioBillion/House Interior/Materials/BRW.014.mat using Guid(f917140c52500fe418abb70f9dc1f987) Importer(815301076,1909f56bfc062723c751e8b465ee728b)  -> (artifact id: '29a3c3079a6217e9810bf7f99bb762c2') in 0.020704 seconds
Number of updated asset objects reloaded before import = 0
Number of asset objects unloaded after import = 1
========================================================================
Received Import Request.
  Time since last request: 0.000030 seconds.
  path: Assets/StudioBillion/House Interior/Materials/Floor.mat
  artifactKey: Guid(a9a6b943b2e16314bb92dae683295337) Importer(815301076,1909f56bfc062723c751e8b465ee728b)
Start importing Assets/StudioBillion/House Interior/Materials/Floor.mat using Guid(a9a6b943b2e16314bb92dae683295337) Importer(815301076,1909f56bfc062723c751e8b465ee728b)  -> (artifact id: '80c34fc3522d7c245922462caedd7225') in 0.036035 seconds
Number of updated asset objects reloaded before import = 0
Number of asset objects unloaded after import = 1
========================================================================
Received Import Request.
  Time since last request: 0.000020 seconds.
  path: Assets/StudioBillion/House Interior/Materials/drum1_pruple2.mat
  artifactKey: Guid(62303fab93ca9ee49aadd5c99a5dd2e9) Importer(815301076,1909f56bfc062723c751e8b465ee728b)
Start importing Assets/StudioBillion/House Interior/Materials/drum1_pruple2.mat using Guid(62303fab93ca9ee49aadd5c99a5dd2e9) Importer(815301076,1909f56bfc062723c751e8b465ee728b)  -> (artifact id: 'bd45d1db535e2dbf4a65342de13de946') in 0.026647 seconds
Number of updated asset objects reloaded before import = 0
Number of asset objects unloaded after import = 1
========================================================================
Received Import Request.
  Time since last request: 0.000035 seconds.
  path: Assets/StudioBillion/House Interior/Materials/drum1_white.mat
  artifactKey: Guid(8269dd6fec939c04e8b0aa9bb2c7ad69) Importer(815301076,1909f56bfc062723c751e8b465ee728b)
Start importing Assets/StudioBillion/House Interior/Materials/drum1_white.mat using Guid(8269dd6fec939c04e8b0aa9bb2c7ad69) Importer(815301076,1909f56bfc062723c751e8b465ee728b)  -> (artifact id: '23441c7e5fdec7620822304dc1376b80') in 0.020522 seconds
Number of updated asset objects reloaded before import = 0
Number of asset objects unloaded after import = 1
========================================================================
Received Import Request.
  Time since last request: 0.800346 seconds.
  path: Assets/StudioBillion/House Interior/Materials/GRN.5.mat
  artifactKey: Guid(a4bdbcb83e51cec4ab8eec882b99bd4e) Importer(815301076,1909f56bfc062723c751e8b465ee728b)
Start importing Assets/StudioBillion/House Interior/Materials/GRN.5.mat using Guid(a4bdbcb83e51cec4ab8eec882b99bd4e) Importer(815301076,1909f56bfc062723c751e8b465ee728b)  -> (artifact id: '8283563c6712e127e02add2456598d84') in 0.031048 seconds
Number of updated asset objects reloaded before import = 0
Number of asset objects unloaded after import = 1
========================================================================
Received Import Request.
  Time since last request: 0.001059 seconds.
  path: Assets/StudioBillion/House Interior/Materials/GRY.4.mat
  artifactKey: Guid(76f9a3947bc1dd34e9364a2b6a25898b) Importer(815301076,1909f56bfc062723c751e8b465ee728b)
Start importing Assets/StudioBillion/House Interior/Materials/GRY.4.mat using Guid(76f9a3947bc1dd34e9364a2b6a25898b) Importer(815301076,1909f56bfc062723c751e8b465ee728b)  -> (artifact id: '1e9580cdbcb98758a7abdd5943c4a51e') in 0.034141 seconds
Number of updated asset objects reloaded before import = 0
Number of asset objects unloaded after import = 1
========================================================================
Received Import Request.
  Time since last request: 0.000408 seconds.
  path: Assets/StudioBillion/House Interior/Materials/laptop_gray3.mat
  artifactKey: Guid(bda4445c07df1d34493287af01ba24ac) Importer(815301076,1909f56bfc062723c751e8b465ee728b)
Start importing Assets/StudioBillion/House Interior/Materials/laptop_gray3.mat using Guid(bda4445c07df1d34493287af01ba24ac) Importer(815301076,1909f56bfc062723c751e8b465ee728b)  -> (artifact id: '5b6fd1a4062d01803f33e1db00f6d923') in 0.026686 seconds
Number of updated asset objects reloaded before import = 0
Number of asset objects unloaded after import = 1
========================================================================
Received Import Request.
  Time since last request: 0.652655 seconds.
  path: Assets/StudioBillion/House Interior/Materials/laptop_logo.mat
  artifactKey: Guid(bec8c37dcaaae51499ab1b07dbca0749) Importer(815301076,1909f56bfc062723c751e8b465ee728b)
Start importing Assets/StudioBillion/House Interior/Materials/laptop_logo.mat using Guid(bec8c37dcaaae51499ab1b07dbca0749) Importer(815301076,1909f56bfc062723c751e8b465ee728b)  -> (artifact id: 'f919f5010f31a652623f49187809d7b4') in 0.030713 seconds
Number of updated asset objects reloaded before import = 0
Number of asset objects unloaded after import = 1
========================================================================
Received Import Request.
  Time since last request: 0.000027 seconds.
  path: Assets/StudioBillion/House Interior/Materials/Material.005.mat
  artifactKey: Guid(41e7a4bea168cd34687800481f020bfc) Importer(815301076,1909f56bfc062723c751e8b465ee728b)
Start importing Assets/StudioBillion/House Interior/Materials/Material.005.mat using Guid(41e7a4bea168cd34687800481f020bfc) Importer(815301076,1909f56bfc062723c751e8b465ee728b)  -> (artifact id: 'f58763b71c39ace323ca0bf4d60c29a8') in 0.030551 seconds
Number of updated asset objects reloaded before import = 0
Number of asset objects unloaded after import = 1
========================================================================
Received Import Request.
  Time since last request: 0.000027 seconds.
  path: Assets/StudioBillion/House Interior/Materials/Material.009.mat
  artifactKey: Guid(d417dd672dd2eee4f971dd34bffe8b55) Importer(815301076,1909f56bfc062723c751e8b465ee728b)
Start importing Assets/StudioBillion/House Interior/Materials/Material.009.mat using Guid(d417dd672dd2eee4f971dd34bffe8b55) Importer(815301076,1909f56bfc062723c751e8b465ee728b)  -> (artifact id: '865eef207db36556edbf766333cd91af') in 0.024683 seconds
Number of updated asset objects reloaded before import = 0
Number of asset objects unloaded after import = 1
========================================================================
Received Import Request.
  Time since last request: 0.010940 seconds.
  path: Assets/StudioBillion/House Interior/Materials/Material.011.mat
  artifactKey: Guid(3e269008397a27440981bea98800a385) Importer(815301076,1909f56bfc062723c751e8b465ee728b)
Start importing Assets/StudioBillion/House Interior/Materials/Material.011.mat using Guid(3e269008397a27440981bea98800a385) Importer(815301076,1909f56bfc062723c751e8b465ee728b)  -> (artifact id: '2fa5215c74dc51be484c9c49bad25dae') in 0.024829 seconds
Number of updated asset objects reloaded before import = 0
Number of asset objects unloaded after import = 1
========================================================================
Received Import Request.
  Time since last request: 0.000197 seconds.
  path: Assets/StudioBillion/House Interior/Materials/Material.014.mat
  artifactKey: Guid(86a833987bc215842ab03503dfc9db34) Importer(815301076,1909f56bfc062723c751e8b465ee728b)
Start importing Assets/StudioBillion/House Interior/Materials/Material.014.mat using Guid(86a833987bc215842ab03503dfc9db34) Importer(815301076,1909f56bfc062723c751e8b465ee728b)  -> (artifact id: 'ccde2b535bcdcbec0d77df14c024cbd8') in 0.020710 seconds
Number of updated asset objects reloaded before import = 0
Number of asset objects unloaded after import = 1
========================================================================
Received Import Request.
  Time since last request: 0.000028 seconds.
  path: Assets/StudioBillion/House Interior/Materials/Material.015.mat
  artifactKey: Guid(f1480b3dfb419dd4dae5d72ae27689ee) Importer(815301076,1909f56bfc062723c751e8b465ee728b)
Start importing Assets/StudioBillion/House Interior/Materials/Material.015.mat using Guid(f1480b3dfb419dd4dae5d72ae27689ee) Importer(815301076,1909f56bfc062723c751e8b465ee728b)  -> (artifact id: '29700ec11d1301b370ea223e9d38a828') in 0.026022 seconds
Number of updated asset objects reloaded before import = 0
Number of asset objects unloaded after import = 1
========================================================================
Received Import Request.
  Time since last request: 0.374128 seconds.
  path: Assets/StudioBillion/House Interior/Materials/Material.024.mat
  artifactKey: Guid(10b296801199686429bed9782af7d22b) Importer(815301076,1909f56bfc062723c751e8b465ee728b)
Start importing Assets/StudioBillion/House Interior/Materials/Material.024.mat using Guid(10b296801199686429bed9782af7d22b) Importer(815301076,1909f56bfc062723c751e8b465ee728b)  -> (artifact id: 'dd14c4a2e2eb5392196234e5034e73cf') in 0.030261 seconds
Number of updated asset objects reloaded before import = 0
Number of asset objects unloaded after import = 1
========================================================================
Received Import Request.
  Time since last request: 0.000391 seconds.
  path: Assets/StudioBillion/House Interior/Materials/ORG.011.mat
  artifactKey: Guid(0f857b6395a636b4fa445b5d858d4ed4) Importer(815301076,1909f56bfc062723c751e8b465ee728b)
Start importing Assets/StudioBillion/House Interior/Materials/ORG.011.mat using Guid(0f857b6395a636b4fa445b5d858d4ed4) Importer(815301076,1909f56bfc062723c751e8b465ee728b)  -> (artifact id: '9930c243943db0508c10f26d6f0b643c') in 0.034024 seconds
Number of updated asset objects reloaded before import = 0
Number of asset objects unloaded after import = 1
========================================================================
Received Import Request.
  Time since last request: 0.000029 seconds.
  path: Assets/StudioBillion/House Interior/Materials/RED.006.mat
  artifactKey: Guid(a27672ea64f40c64c967057a14e0ba88) Importer(815301076,1909f56bfc062723c751e8b465ee728b)
Start importing Assets/StudioBillion/House Interior/Materials/RED.006.mat using Guid(a27672ea64f40c64c967057a14e0ba88) Importer(815301076,1909f56bfc062723c751e8b465ee728b)  -> (artifact id: '141fa46d145a21e8d32b8bf2c9b8da0b') in 0.022285 seconds
Number of updated asset objects reloaded before import = 0
Number of asset objects unloaded after import = 1
========================================================================
Received Import Request.
  Time since last request: 0.000029 seconds.
  path: Assets/StudioBillion/House Interior/Materials/washer_black.mat
  artifactKey: Guid(113ccad5faffde6428539fcc86318156) Importer(815301076,1909f56bfc062723c751e8b465ee728b)
Start importing Assets/StudioBillion/House Interior/Materials/washer_black.mat using Guid(113ccad5faffde6428539fcc86318156) Importer(815301076,1909f56bfc062723c751e8b465ee728b)  -> (artifact id: '82527f32d3c4a594a2496d5f8c839f32') in 0.021805 seconds
Number of updated asset objects reloaded before import = 0
Number of asset objects unloaded after import = 1
========================================================================
Received Import Request.
  Time since last request: 0.000091 seconds.
  path: Assets/StudioBillion/House Interior/Materials/washer_gray2.mat
  artifactKey: Guid(576d2a3e1a4349343a142f062d1735bf) Importer(815301076,1909f56bfc062723c751e8b465ee728b)
Start importing Assets/StudioBillion/House Interior/Materials/washer_gray2.mat using Guid(576d2a3e1a4349343a142f062d1735bf) Importer(815301076,1909f56bfc062723c751e8b465ee728b)  -> (artifact id: 'e76441aa2e74777a15b1ab63de33b22b') in 0.020232 seconds
Number of updated asset objects reloaded before import = 0
Number of asset objects unloaded after import = 1
========================================================================
Received Import Request.
  Time since last request: 0.000056 seconds.
  path: Assets/StudioBillion/House Interior/Materials/WHT.mat
  artifactKey: Guid(7862d42029d8a9c4387ffbbb09dca4c0) Importer(815301076,1909f56bfc062723c751e8b465ee728b)
Start importing Assets/StudioBillion/House Interior/Materials/WHT.mat using Guid(7862d42029d8a9c4387ffbbb09dca4c0) Importer(815301076,1909f56bfc062723c751e8b465ee728b)  -> (artifact id: '87300fd93f91c8b0ba687a0d53bfe069') in 0.012388 seconds
Number of updated asset objects reloaded before import = 0
Number of asset objects unloaded after import = 1
========================================================================
Received Import Request.
  Time since last request: 0.000039 seconds.
  path: Assets/StudioBillion/House Interior/Materials/ORG.5.mat
  artifactKey: Guid(a9d14092a1dd9834ca9ca643dca230b8) Importer(815301076,1909f56bfc062723c751e8b465ee728b)
Start importing Assets/StudioBillion/House Interior/Materials/ORG.5.mat using Guid(a9d14092a1dd9834ca9ca643dca230b8) Importer(815301076,1909f56bfc062723c751e8b465ee728b)  -> (artifact id: 'dfbbc2a142d8f7eb97ad1cea459470cb') in 0.020710 seconds
Number of updated asset objects reloaded before import = 0
Number of asset objects unloaded after import = 1
========================================================================
Received Import Request.
  Time since last request: 6.181540 seconds.
  path: Assets/StudioBillion/House Interior/Scenes
  artifactKey: Guid(34b857ad17bcedc4db7ee378c62107cf) Importer(815301076,1909f56bfc062723c751e8b465ee728b)
Start importing Assets/StudioBillion/House Interior/Scenes using Guid(34b857ad17bcedc4db7ee378c62107cf) Importer(815301076,1909f56bfc062723c751e8b465ee728b)  -> (artifact id: 'ce82e145f218bbebd94fd35587dbe4e2') in 0.002194 seconds
Number of updated asset objects reloaded before import = 0
Number of asset objects unloaded after import = 0
========================================================================
Received Import Request.
  Time since last request: 1.218722 seconds.
  path: Assets/StudioBillion/House Interior/Scenes/House Interior - Post Process Profiles
  artifactKey: Guid(c504bf286f4b7584780cf50c89cdf89b) Importer(815301076,1909f56bfc062723c751e8b465ee728b)
Start importing Assets/StudioBillion/House Interior/Scenes/House Interior - Post Process Profiles using Guid(c504bf286f4b7584780cf50c89cdf89b) Importer(815301076,1909f56bfc062723c751e8b465ee728b)  -> (artifact id: '0e87bbbef2b723a85f6ebd651088b05b') in 0.000782 seconds
Number of updated asset objects reloaded before import = 0
Number of asset objects unloaded after import = 0
========================================================================
Received Import Request.
  Time since last request: 0.066557 seconds.
  path: Assets/StudioBillion/House Interior/Scenes/House Interior - Post Process Profiles/Main Camera Profile.asset
  artifactKey: Guid(0a07ea6524bb84140bcdeba992e580b8) Importer(815301076,1909f56bfc062723c751e8b465ee728b)
Start importing Assets/StudioBillion/House Interior/Scenes/House Interior - Post Process Profiles/Main Camera Profile.asset using Guid(0a07ea6524bb84140bcdeba992e580b8) Importer(815301076,1909f56bfc062723c751e8b465ee728b)  -> (artifact id: '8446f79a15a2a89de3b2bb0571f936d9') in 0.002116 seconds
Number of updated asset objects reloaded before import = 0
Number of asset objects unloaded after import = 1
